"../../../../../GitHub/GameJamKIT/Content/Sounds/CARS/Car_Horn_AM.uasset" 0
"../../../../../GitHub/GameJamKIT/Content/Sounds/CARS/Car_Horn_BM.uasset" 1
"../../../../../GitHub/GameJamKIT/Content/Sounds/CARS/Car_Motor_AM.uasset" 2
"../../../../../GitHub/GameJamKIT/Content/Sounds/CARS/Car_Motor_BM.uasset" 3
"../../../Engine/Content/Animation/DefaultAnimCurveCompressionSettings.uasset" 4
"../../../Engine/Content/Functions/Engine_MaterialFunctions01/Opacity/CameraDepthFade.uasset" 5
"../../../Engine/Content/EngineMaterials/T_Default_Material_Grid_M.uasset" 6
"../../../Engine/Content/EngineMaterials/T_Default_Material_Grid_N.uasset" 7
"../../../Engine/Content/EngineMaterials/WorldGridMaterial.uasset" 8
"../../../Engine/Content/ArtTools/RenderToTexture/Meshes/S_1_Unit_Plane.uasset" 9
"../../../Engine/Content/EngineMaterials/DefaultMaterial.uasset" 10
"../../../Engine/Content/BasicShapes/Cone.uasset" 11
"../../../Engine/Content/BasicShapes/Cylinder.uasset" 12
"../../../Engine/Content/BasicShapes/Plane.uasset" 13
"../../../Engine/Content/BasicShapes/Sphere.uasset" 14
"../../../Engine/Content/EditorLandscapeResources/DataLayer.uasset" 15
"../../../Engine/Content/EditorMaterials/MAT_Groups_Toggle.uasset" 16
"../../../Engine/Content/EditorMaterials/MAT_Groups_Visibility.uasset" 17
"../../../Engine/Content/EditorMaterials/PreviewShadowIndicator.uasset" 18
"../../../Engine/Content/EditorMaterials/PreviewShadowIndicatorMaterial.uasset" 19
"../../../Engine/Content/EditorMaterials/MatineeGroups/MAT_ColorTrack.uasset" 20
"../../../Engine/Content/EditorMaterials/MatineeGroups/MAT_Groups_Anim.uasset" 21
"../../../Engine/Content/EditorMaterials/MatineeGroups/MAT_Groups_AudioMaster.uasset" 22
"../../../Engine/Content/EditorMaterials/MatineeGroups/MAT_Groups_Director.uasset" 23
"../../../Engine/Content/EditorMaterials/MatineeGroups/MAT_Groups_Event.uasset" 24
"../../../Engine/Content/EditorMaterials/MatineeGroups/MAT_Groups_Fade.uasset" 25
"../../../Engine/Content/EditorMaterials/MatineeGroups/MAT_Groups_Float.uasset" 26
"../../../Engine/Content/EditorMaterials/MatineeGroups/MAT_Groups_Move.uasset" 27
"../../../Engine/Content/EditorMaterials/MatineeGroups/MAT_Groups_Slomo.uasset" 28
"../../../Engine/Content/EditorMaterials/MatineeGroups/MAT_Groups_Sound.uasset" 29
"../../../Engine/Content/EditorMaterials/MatineeGroups/MAT_Groups_Vector.uasset" 30
"../../../Engine/Content/EditorMaterials/ParticleSystems/PSysThumbnail_NoImage.uasset" 31
"../../../Engine/Content/EditorMaterials/ParticleSystems/PSysThumbnail_OOD.uasset" 32
"../../../Engine/Content/EditorMaterials/Camera/CineMat.uasset" 33
"../../../Engine/Content/EditorMaterials/Camera/MI_CineMat_Rig.uasset" 34
"../../../Engine/Content/EditorMeshes/Camera/SM_CraneRig_Arm.uasset" 35
"../../../Engine/Content/EditorMeshes/Camera/SM_CraneRig_Base.uasset" 36
"../../../Engine/Content/EditorMeshes/Camera/SM_CraneRig_Body.uasset" 37
"../../../Engine/Content/EditorMeshes/Camera/SM_CraneRig_Mount.uasset" 38
"../../../Engine/Content/EditorMeshes/Camera/SM_RailRig_Mount.uasset" 39
"../../../Engine/Content/EditorMeshes/Camera/SM_RailRig_Track.uasset" 40
"../../../Engine/Content/EditorResources/BSPVertex.uasset" 41
"../../../Engine/Content/EditorResources/EmptyActor.uasset" 42
"../../../Engine/Content/EditorResources/S_Actor.uasset" 43
"../../../Engine/Content/EditorResources/S_Note.uasset" 44
"../../../Engine/Content/EditorResources/S_Solver.uasset" 45
"../../../Engine/Content/EditorResources/S_Trigger.uasset" 46
"../../../Engine/Content/EditorResources/AudioIcons/S_AudioComponent_AutoActivate.uasset" 47
"../../../Engine/Content/EditorResources/LightIcons/S_LightError.uasset" 48
"../../../Engine/Content/EditorResources/SequenceRecorder/Countdown.uasset" 49
"../../../Engine/Content/EditorResources/SequenceRecorder/RecordingIndicator.uasset" 50
"../../../Engine/Content/EditorSounds/Notifications/CompileFailed.uasset" 51
"../../../Engine/Content/EditorSounds/Notifications/CompileFailed_Cue.uasset" 52
"../../../Engine/Content/EditorSounds/Notifications/CompileSuccess.uasset" 53
"../../../Engine/Content/EditorSounds/Notifications/CompileStart_Cue.uasset" 54
"../../../Engine/Content/EditorSounds/Notifications/CompileSuccess_Cue.uasset" 55
"../../../Engine/Content/EngineDamageTypes/DmgTypeBP_Environmental.uasset" 56
"../../../Engine/Content/EngineDebugMaterials/DebugEditorMaterial.uasset" 57
"../../../Engine/Content/EngineDebugMaterials/DebugMeshMaterial.uasset" 58
"../../../Engine/Content/EngineDebugMaterials/M_SimpleUnlitTranslucent.uasset" 59
"../../../Engine/Content/Functions/Engine_MaterialFunctions02/Utility/CameraDirectionVector.uasset" 60
"../../../Engine/Content/EngineDebugMaterials/VolumeToRender.uasset" 61
"../../../Engine/Content/EngineDebugMaterials/M_VolumeRenderSphereTracePP.uasset" 62
"../../../Engine/Content/EngineDebugMaterials/WireframeMaterial.uasset" 63
"../../../Engine/Content/EngineFonts/Faces/DroidSansFallback.uasset" 64
"../../../Engine/Content/EngineFonts/Faces/RobotoBold.uasset" 65
"../../../Engine/Content/EngineFonts/Faces/RobotoBoldItalic.uasset" 66
"../../../Engine/Content/EngineFonts/Faces/RobotoItalic.uasset" 67
"../../../Engine/Content/EngineFonts/Faces/RobotoLight.uasset" 68
"../../../Engine/Content/EngineFonts/Faces/RobotoRegular.uasset" 69
"../../../Engine/Content/EngineFonts/Roboto.uasset" 70
"../../../Engine/Content/EngineMaterials/BaseFlattenDiffuseMap.uasset" 71
"../../../Engine/Content/EngineMaterials/BaseFlattenEmissiveMap.uasset" 72
"../../../Engine/Content/EngineMaterials/BaseFlattenGrayscaleMap.uasset" 73
"../../../Engine/Content/EngineMaterials/BaseFlattenNormalMap.uasset" 74
"../../../Engine/Content/EngineMaterials/BaseFlattenMaterial.uasset" 75
"../../../Engine/Content/EngineMaterials/BlueNoise.uasset" 76
"../../../Engine/Content/EngineMaterials/DefaultBloomKernel.uasset" 77
"../../../Engine/Content/EngineMaterials/DefaultBokeh.uasset" 78
"../../../Engine/Content/EngineMaterials/DefaultDiffuse.uasset" 79
"../../../Engine/Content/EngineMaterials/DefaultDeferredDecalMaterial.uasset" 80
"../../../Engine/Content/EngineMaterials/DefaultLightFunctionMaterial.uasset" 81
"../../../Engine/Content/Functions/Engine_MaterialFunctions02/Utility/BreakOutFloat2Components.uasset" 82
"../../../Engine/Content/EngineMaterials/DefaultPostProcessMaterial.uasset" 83
"../../../Engine/Content/EngineFonts/RobotoDistanceField.uasset" 84
"../../../Engine/Content/EngineMaterials/DefaultTextMaterialOpaque.uasset" 85
"../../../Engine/Content/EngineMaterials/DefaultWhiteGrid.uasset" 86
"../../../Engine/Content/EngineMaterials/DefaultWhiteGrid_Low.uasset" 87
"../../../Engine/Content/EngineMaterials/EmissiveMeshMaterial.uasset" 88
"../../../Engine/Content/EngineMaterials/GizmoMaterial.uasset" 89
"../../../Engine/Content/EngineMaterials/Good64x64TilingNoiseHighFreq.uasset" 90
"../../../Engine/Content/EngineMaterials/MiniFont.uasset" 91
"../../../Engine/Content/EngineMaterials/InvalidLightmapSettings.uasset" 92
"../../../Engine/Content/EngineMaterials/M_InvalidLightmapSettings.uasset" 93
"../../../Engine/Content/Functions/Engine_MaterialFunctions02/WorldPositionOffset/CameraOffset.uasset" 94
"../../../Engine/Content/EngineMaterials/PhAT_JointLimitMaterial.uasset" 95
"../../../Engine/Content/EngineMaterials/PreintegratedSkinBRDF.uasset" 96
"../../../Engine/Content/EngineMaterials/RemoveSurfaceMaterial.uasset" 97
"../../../Engine/Content/EngineMaterials/WeightMapPlaceholderTexture.uasset" 98
"../../../Engine/Content/EngineResources/WhiteSquareTexture.uasset" 99
"../../../Engine/Content/EngineMaterials/Widget3DPassThrough.uasset" 100
"../../../Engine/Content/EngineMaterials/Widget3DPassThrough_Masked.uasset" 101
"../../../Engine/Content/EngineMaterials/Widget3DPassThrough_Opaque.uasset" 102
"../../../Engine/Content/EngineMaterials/Widget3DPassThrough_Masked_OneSided.uasset" 103
"../../../Engine/Content/EngineMaterials/Widget3DPassThrough_Opaque_OneSided.uasset" 104
"../../../Engine/Content/EngineMaterials/Widget3DPassThrough_Translucent.uasset" 105
"../../../Engine/Content/EngineMaterials/Widget3DPassThrough_Translucent_OneSided.uasset" 106
"../../../Engine/Content/EngineMeshes/Cylinder.uasset" 107
"../../../Engine/Content/EngineMeshes/Sphere.uasset" 108
"../../../Engine/Content/EngineResources/Black.uasset" 109
"../../../Engine/Content/EngineResources/DefaultTexture.uasset" 110
"../../../Engine/Content/EngineResources/DefaultTextureCube.uasset" 111
"../../../Engine/Content/EngineResources/DefaultVolumeTexture2D.uasset" 112
"../../../Engine/Content/EngineResources/DefaultVolumeTexture.uasset" 113
"../../../Engine/Content/EngineResources/GradientTexture0.uasset" 114
"../../../Engine/Content/EngineSounds/Master.uasset" 115
"../../../Engine/Content/Functions/Engine_MaterialFunctions01/Shading/ConvertFromDiffSpec.uasset" 116
"../../../Engine/Content/Functions/Engine_MaterialFunctions01/Shading/PowerToRoughness.uasset" 117
"../../../Engine/Content/Maps/Templates/Thumbnails/Default.uasset" 118
"../../../Engine/Content/Maps/Templates/Thumbnails/TimeOfDay.uasset" 119
"../../../Engine/Content/Maps/Templates/Thumbnails/VR-Basic.uasset" 120
"../../../Engine/Content/MobileResources/T_MobileControls_texture.uasset" 121
"../../../Engine/Content/MobileResources/T_MobileMenu2.uasset" 122
"../../../Engine/Content/MobileResources/HUD/AnalogHat.uasset" 123
"../../../Engine/Content/MobileResources/HUD/VirtualJoystick_Background.uasset" 124
"../../../Engine/Content/MobileResources/HUD/VirtualJoystick_Thumb.uasset" 125
"../../../Engine/Content/MobileResources/HUD/DefaultVirtualJoysticks.uasset" 126
"../../../Engine/Content/MobileResources/HUD/LeftVirtualJoystickOnly.uasset" 127
"../../../Engine/Content/MobileResources/HUD/MobileHUDButton1_off.uasset" 128
"../../../Engine/Content/MobileResources/HUD/MobileHUDButton1_on.uasset" 129
"../../../Engine/Content/MobileResources/HUD/MobileHUDButton2_off.uasset" 130
"../../../Engine/Content/MobileResources/HUD/MobileHUDButton2_on.uasset" 131
"../../../Engine/Content/MobileResources/HUD/MobileHUDButton3.uasset" 132
"../../../Engine/Content/MobileResources/HUD/MobileHUDButtonFire.uasset" 133
"../../../Engine/Content/MobileResources/HUD/MobileHUDDirectionPad.uasset" 134
"../../../Engine/Content/MobileResources/HUD/MobileHUDDirectionPad2.uasset" 135
"../../../Engine/Content/MobileResources/HUD/MobileHUDDirectionPad3.uasset" 136
"../../../Engine/Content/MobileResources/HUD/MobileHUDDirectionStick.uasset" 137
"../../../Engine/Content/MobileResources/HUD/T_Castle_ThumbstickInner.uasset" 138
"../../../Engine/Content/MobileResources/HUD/T_Castle_ThumbstickOutter.uasset" 139
"../../../Engine/Content/Tutorial/ContentIntroCurve.uasset" 140
"../../../Engine/Content/Tutorial/Basics/LevelEditorAttract.uasset" 141
"../../../Engine/Content/Tutorial/Basics/TutorialAssets/icon_tab_Levels_40x.uasset" 142
"../../../Engine/Content/Tutorial/Basics/LevelEditorOverview.uasset" 143
"../../../Engine/Content/Tutorial/Landscape/TutorialAssets/Landscape.uasset" 144
"../../../Engine/Content/Tutorial/Landscape/LandscapeWalkThrough.uasset" 145
"../../../Engine/Content/Tutorial/Landscape/Landscape_Manage_Mode.uasset" 146
"../../../Engine/Content/EditorBlueprintResources/StandardMacros.uasset" 147
"../../../Engine/Content/Tutorial/Landscape/Landscape_Painting_Mode.uasset" 148
"../../../Engine/Content/Tutorial/Landscape/Landscape_Sculpt_Mode.uasset" 149
"../../../Engine/Content/VREditor/LaserPointer/VR_LaserPower_01.uasset" 150
"../../../Engine/Content/VREditor/TransformGizmo/TransformGizmoMaterial.uasset" 151
"../../../Engine/Content/VREditor/TransformGizmo/TranslucentTransformGizmoMaterial.uasset" 152
"../../../Engine/Content/VREditor/TransformGizmo/BoundingBoxCorner.uasset" 153
"../../../Engine/Content/VREditor/TransformGizmo/BoundingBoxEdge.uasset" 154
"../../../Engine/Content/VREditor/TransformGizmo/PlaneTranslationHandle.uasset" 155
"../../../Engine/Content/VREditor/TransformGizmo/Main.uasset" 156
"../../../Engine/Content/VREditor/TransformGizmo/Xray.uasset" 157
"../../../Engine/Content/VREditor/TransformGizmo/SM_Sequencer_Key.uasset" 158
"../../../Engine/Content/VREditor/TransformGizmo/SM_Sequencer_Node.uasset" 159
"../../Plugins/2D/Paper2D/Content/PlaceholderTextures/DummySpriteTexture.uasset" 160
"../../Plugins/2D/Paper2D/Content/DummySprite.uasset" 161
"../../Plugins/2D/Paper2D/Content/DefaultPaperTerrainMaterial.uasset" 162
"../../Plugins/2D/Paper2D/Content/DefaultSpriteMaterial.uasset" 163
"../../Plugins/2D/Paper2D/Content/MaskedUnlitSpriteMaterial.uasset" 164
"../../Plugins/2D/Paper2D/Content/OpaqueUnlitSpriteMaterial.uasset" 165
"../../Plugins/FX/Niagara/Content/Enums/ENiagaraBooleanLogicOps.uasset" 166
"../../Plugins/FX/Niagara/Content/Enums/ENiagaraCoordinateSpace.uasset" 167
"../../Plugins/FX/Niagara/Content/Enums/ENiagaraExpansionMode.uasset" 168
"../../Plugins/FX/Niagara/Content/Enums/ENiagaraOrientationAxis.uasset" 169
"../../Plugins/FX/Niagara/Content/Enums/ENiagaraRandomnessMode.uasset" 170
"../../../Engine/Content/Functions/Engine_MaterialFunctions02/Utility/BreakOutFloat4Components.uasset" 171
"../../../Engine/Content/Functions/Engine_MaterialFunctions02/Utility/MakeFloat2.uasset" 172
"../../../Engine/Content/Functions/Engine_MaterialFunctions02/Utility/MakeFloat3.uasset" 173
"../../Plugins/Runtime/Oculus/OculusVR/Content/Materials/OculusMR_ChromaKey.uasset" 174
"../../Plugins/Runtime/Oculus/OculusVR/Content/Materials/OculusMR_ChromaKey_Lit.uasset" 175
"../../Plugins/Runtime/Oculus/OculusVR/Content/Materials/OculusMR_OpaqueColoredMaterial.uasset" 176
"../../Plugins/Runtime/Oculus/OculusVR/Content/Materials/OculusMR_WhiteMaterial.uasset" 177
"../../../Engine/Content/EngineSky/C_Sky_Cloud_Color.uasset" 178
"../../../Engine/Content/EngineSky/C_Sky_Horizon_Color.uasset" 179
"../../../Engine/Content/EngineSky/C_Sky_Zenith_Color.uasset" 180
"../../../Engine/Content/EngineSky/T_Sky_Blue.uasset" 181
"../../../Engine/Content/EngineSky/T_Sky_Clouds_M.uasset" 182
"../../../Engine/Content/EngineSky/T_Sky_Stars.uasset" 183
"../../../Engine/Content/EngineSky/M_Sky_Panning_Clouds2.uasset" 184
"../../../Engine/Content/EngineSky/SM_SkySphere.uasset" 185
"../../../Engine/Content/EngineSky/BP_Sky_Sphere.uasset" 186
"../../../../../GitHub/GameJamKIT/Content/BluePrint/Collectibles/BP_CollectableBase.uasset" 187
"../../../../../GitHub/GameJamKIT/Content/Textures/T_insects_ORENy.uasset" 188
"../../../../../GitHub/GameJamKIT/Content/Textures/T_insects_RGBNx.uasset" 189
"../../../../../GitHub/GameJamKIT/Content/Materials/MASTERS/M_collectibles.uasset" 190
"../../../../../GitHub/GameJamKIT/Content/Materials/MASTERS/MI_YellowCollectibles1.uasset" 191
"../../../../../GitHub/GameJamKIT/Content/Textures/T_hedgehog_ORENy.uasset" 192
"../../../../../GitHub/GameJamKIT/Content/Textures/T_hedgehog_RGBNx.uasset" 193
"../../../../../GitHub/GameJamKIT/Content/Materials/MASTERS/M_Base.uasset" 194
"../../../../../GitHub/GameJamKIT/Content/Materials/MI_Insects.uasset" 195
"../../../../../GitHub/GameJamKIT/Content/Meshs/Insects/SM_Insects_bee.uasset" 196
"../../../Engine/Content/Functions/Engine_MaterialFunctions01/Density/ExponentialDensity.uasset" 197
"../../../Engine/Content/Functions/Engine_MaterialFunctions01/Gradient/RadialGradientExponential.uasset" 198
"../../../../../GitHub/GameJamKIT/Content/Particles/ParticleInsect.uasset" 199
"../../../../../GitHub/GameJamKIT/Content/Particles/InsectBonus1.uasset" 200
"../../../../../GitHub/GameJamKIT/Content/BluePrint/Collectibles/SM_Insects_bee_Blueprint.uasset" 201
"../../../../../GitHub/GameJamKIT/Content/Levels/GameDesign_Sublevel_BuiltData.uasset" 202
"../../../Engine/Content/Functions/Engine_MaterialFunctions02/Math/AddComponents.uasset" 203
"../../../../../GitHub/GameJamKIT/Content/Materials/MASTERS/M_ToonShaderReimported.uasset" 204
"../../../../../GitHub/GameJamKIT/Content/Materials/MASTERS/MI_Toon.uasset" 205
"../../../../../GitHub/GameJamKIT/Content/Textures/Environment/Grass_BCNx.uasset" 206
"../../../../../GitHub/GameJamKIT/Content/Textures/Environment/Grass_ORENy.uasset" 207
"../../../../../GitHub/GameJamKIT/Content/Materials/MI_BaseGrass.uasset" 208
"../../../../../GitHub/GameJamKIT/Content/Textures/Roads/T_guardrails_ORENy.uasset" 209
"../../../../../GitHub/GameJamKIT/Content/Textures/Roads/T_guardrails_RGBNx.uasset" 210
"../../../../../GitHub/GameJamKIT/Content/Materials/MI_BaseRails.uasset" 211
"../../../../../GitHub/GameJamKIT/Content/Textures/Roads/T_roads_BCNx.uasset" 212
"../../../../../GitHub/GameJamKIT/Content/Textures/Roads/T_roads_ORENy.uasset" 213
"../../../../../GitHub/GameJamKIT/Content/Materials/MI_BaseRoad.uasset" 214
"../../../../../GitHub/GameJamKIT/Content/Materials/MASTERS/PP_CellShading.uasset" 215
"../../../../../GitHub/GameJamKIT/Content/Materials/MI_CellShading.uasset" 216
"../../../../../GitHub/GameJamKIT/Content/Textures/Cars/T_Truck_BCnx.uasset" 217
"../../../../../GitHub/GameJamKIT/Content/Textures/Cars/T_Truck_ORENy.uasset" 218
"../../../../../GitHub/GameJamKIT/Content/Materials/MASTERS/M_BaseCars.uasset" 219
"../../../../../GitHub/GameJamKIT/Content/Textures/Cars/T_Truck_BCnx_Reimport.uasset" 220
"../../../../../GitHub/GameJamKIT/Content/Textures/Cars/T_Truck_ORENy_Reimport.uasset" 221
"../../../../../GitHub/GameJamKIT/Content/Materials/MI_ElectricPole.uasset" 222
"../../../../../GitHub/GameJamKIT/Content/Materials/Physicals/Nofrixion.uasset" 223
"../../../../../GitHub/GameJamKIT/Content/Meshs/Environment/Scenery/SM_ElectricPole_01.uasset" 224
"../../../../../GitHub/GameJamKIT/Content/Textures/Environment/T_signs_ORENy.uasset" 225
"../../../../../GitHub/GameJamKIT/Content/Textures/Environment/T_signs_RGBNx.uasset" 226
"../../../../../GitHub/GameJamKIT/Content/Materials/MI_Signs.uasset" 227
"../../../../../GitHub/GameJamKIT/Content/Meshs/Environment/Scenery/SM_Signs_Arrow.uasset" 228
"../../../../../GitHub/GameJamKIT/Content/Meshs/Environment/Scenery/SM_Signs_CityBX.uasset" 229
"../../../../../GitHub/GameJamKIT/Content/Meshs/Environment/Scenery/SM_Signs_CityLDN.uasset" 230
"../../../../../GitHub/GameJamKIT/Content/Meshs/Environment/Scenery/SM_Signs_TriangleHedgeHog.uasset" 231
"../../../../../GitHub/GameJamKIT/Content/Meshs/Environment/Scenery/SM_Signs_TriangleTruck.uasset" 232
"../../../../../GitHub/GameJamKIT/Content/Materials/MI_Cars.uasset" 233
"../../../../../GitHub/GameJamKIT/Content/Meshs/Environment/Scenery/SM_StreetLamp_01.uasset" 234
"../../../../../GitHub/GameJamKIT/Content/Meshs/Environment/SM_grass.uasset" 235
"../../../../../GitHub/GameJamKIT/Content/Textures/Environment/T_trees_RGBNx.uasset" 236
"../../../../../GitHub/GameJamKIT/Content/Textures/Environment/T_trunk_ORENy.uasset" 237
"../../../../../GitHub/GameJamKIT/Content/Materials/MASTERS/M_BaseTree.uasset" 238
"../../../../../GitHub/GameJamKIT/Content/Textures/T_Bush_BCnx.uasset" 239
"../../../../../GitHub/GameJamKIT/Content/Textures/T_Bush_OREny.uasset" 240
"../../../../../GitHub/GameJamKIT/Content/Materials/MI_Bushes.uasset" 241
"../../../../../GitHub/GameJamKIT/Content/Meshs/Environment/vegetations/SM_Bushes_B1.uasset" 242
"../../../../../GitHub/GameJamKIT/Content/Meshs/Environment/vegetations/SM_Bushes_B2.uasset" 243
"../../../../../GitHub/GameJamKIT/Content/Meshs/Environment/vegetations/SM_Bushes_Berries.uasset" 244
"../../../../../GitHub/GameJamKIT/Content/Meshs/Environment/vegetations/SM_grasspatch_grasspatch1.uasset" 245
"../../../../../GitHub/GameJamKIT/Content/Meshs/Environment/vegetations/SM_grasspatch_grasspatch2.uasset" 246
"../../../../../GitHub/GameJamKIT/Content/Meshs/Environment/vegetations/SM_grasspatch_grasspatch3.uasset" 247
"../../../../../GitHub/GameJamKIT/Content/Materials/MI_rocks.uasset" 248
"../../../../../GitHub/GameJamKIT/Content/Meshs/Environment/vegetations/SM_Rocks.uasset" 249
"../../../../../GitHub/GameJamKIT/Content/Materials/MASTERS/M_BaseTreeDoubleSided.uasset" 250
"../../../../../GitHub/GameJamKIT/Content/Textures/Environment/T_trees_ORENy.uasset" 251
"../../../../../GitHub/GameJamKIT/Content/Materials/MI_BaseTreeDS_PineTree.uasset" 252
"../../../../../GitHub/GameJamKIT/Content/Meshs/Environment/vegetations/trees_tree1.uasset" 253
"../../../../../GitHub/GameJamKIT/Content/Materials/MASTERS/M_BaseTrunks.uasset" 254
"../../../../../GitHub/GameJamKIT/Content/Textures/Environment/T_trunk_RGBNx.uasset" 255
"../../../../../GitHub/GameJamKIT/Content/Materials/MI_BaseTrunks.uasset" 256
"../../../../../GitHub/GameJamKIT/Content/Meshs/Environment/vegetations/trees_tree2.uasset" 257
"../../../../../GitHub/GameJamKIT/Content/Materials/MI_BaseTree.uasset" 258
"../../../../../GitHub/GameJamKIT/Content/Meshs/Environment/vegetations/trees_tree3.uasset" 259
"../../../../../GitHub/GameJamKIT/Content/Meshs/Environment/vegetations/trees_tree4.uasset" 260
"../../../../../GitHub/GameJamKIT/Content/Meshs/Roads/SM_railroads_SM_guardrail_low.uasset" 261
"../../../../../GitHub/GameJamKIT/Content/Meshs/Roads/SM_railroads_SM_guardrailEnd_low.uasset" 262
"../../../../../GitHub/GameJamKIT/Content/Meshs/Roads/SM_road.uasset" 263
"../../../../../GitHub/GameJamKIT/Content/Levels/GameDesign_Sublevel.umap" 264
"../../../../../GitHub/GameJamKIT/Content/Meshs/Car/SM_Car_01.uasset" 265
"../../../../../GitHub/GameJamKIT/Content/Sounds/AttenuationSettings/SA_CarsAttenuation.uasset" 266
"../../../../../GitHub/GameJamKIT/Content/Sounds/AttenuationSettings/SA_Horns.uasset" 267
"../../../../../GitHub/GameJamKIT/Content/Sounds/CARS/SC_Cars_Horns.uasset" 268
"../../../../../GitHub/GameJamKIT/Content/Sounds/CARS/SC_Cars_Motor.uasset" 269
"../../../../../GitHub/GameJamKIT/Content/BluePrint/Cars/BP_VehicleBase.uasset" 270
"../../../../../GitHub/GameJamKIT/Content/BluePrint/bp_CarSpawner.uasset" 271
"../../../Engine/Content/Animation/DefaultAnimBoneCompressionSettings.uasset" 272
"../../../../../GitHub/GameJamKIT/Content/Meshs/Herisson/Hedgehog_rig_v3_Skeleton.uasset" 273
"../../../../../GitHub/GameJamKIT/Content/Meshs/Herisson/Hedgehog_Idle_Anim.uasset" 274
"../../../../../GitHub/GameJamKIT/Content/Meshs/Herisson/Hedgehog_Protect_Idle_Anim.uasset" 275
"../../../../../GitHub/GameJamKIT/Content/Meshs/Herisson/Hedgehog_Protectv3_Anim.uasset" 276
"../../../../../GitHub/GameJamKIT/Content/Meshs/Herisson/Hedgehog_Walk_Anim.uasset" 277
"../../../../../GitHub/GameJamKIT/Content/BluePrint/Animation/AnimBpBaby.uasset" 278
"../../../../../GitHub/GameJamKIT/Content/BluePrint/Animation/AnimBpV2.uasset" 279
"../../../../../GitHub/GameJamKIT/Content/Materials/MI_EdgeHog.uasset" 280
"../../../Engine/Content/Functions/Engine_MaterialFunctions02/SmoothStep.uasset" 281
"../../../Engine/Content/Functions/Engine_MaterialFunctions03/Math/RemapValueRange.uasset" 282
"../../../../../GitHub/GameJamKIT/Content/Textures/NoiseGenerator_output.uasset" 283
"../../../../../GitHub/GameJamKIT/Content/Textures/NoiseGenerator_output_2.uasset" 284
"../../../../../GitHub/GameJamKIT/Content/Materials/MASTERS/M_HedgeHogShied.uasset" 285
"../../../../../GitHub/GameJamKIT/Content/Materials/MI_HedgeHogShied_Inst.uasset" 286
"../../../../../GitHub/GameJamKIT/Content/Typo/Cartoon_Relief.uasset" 287
"../../../../../GitHub/GameJamKIT/Content/Typo/Cartoon_Relief_Font.uasset" 288
"../../../../../GitHub/GameJamKIT/Content/Sounds/UI/Clic_AM.uasset" 289
"../../../../../GitHub/GameJamKIT/Content/Sounds/UI/SC_Clic_AM.uasset" 290
"../../../../../GitHub/GameJamKIT/Content/Sounds/UI/Hover_AM.uasset" 291
"../../../../../GitHub/GameJamKIT/Content/Sounds/UI/SC_Hover_AM1.uasset" 292
"../../../../../GitHub/GameJamKIT/Content/Textures/UI/T_PlyBsc_01.uasset" 293
"../../../../../GitHub/GameJamKIT/Content/Textures/UI/T_PlyClck_01.uasset" 294
"../../../../../GitHub/GameJamKIT/Content/Textures/UI/T_PlyHvr_01.uasset" 295
"../../../../../GitHub/GameJamKIT/Content/Textures/UI/T_PwrBsc_01.uasset" 296
"../../../../../GitHub/GameJamKIT/Content/Textures/UI/T_PwrClck_01.uasset" 297
"../../../../../GitHub/GameJamKIT/Content/Textures/UI/T_PwrHvr_01.uasset" 298
"../../../../../GitHub/GameJamKIT/Content/Textures/UI/T_RtrBsc_01.uasset" 299
"../../../../../GitHub/GameJamKIT/Content/Textures/UI/T_RtrClck_01.uasset" 300
"../../../../../GitHub/GameJamKIT/Content/Textures/UI/T_RtrHvr_01.uasset" 301
"../../../../../GitHub/GameJamKIT/Content/BluePrint/Widget/WBP_PauseMenuReimport.uasset" 302
"../../../../../GitHub/GameJamKIT/Content/Meshs/Effect/customcircle.uasset" 303
"../../../../../GitHub/GameJamKIT/Content/Meshs/Herisson/Hedgehog_rig_v4_PhysicsAsset.uasset" 304
"../../../../../GitHub/GameJamKIT/Content/Meshs/Herisson/Hedgehog_rig_v4.uasset" 305
"../../../../../GitHub/GameJamKIT/Content/Sounds/AttenuationSettings/SA_DeathAttenuation.uasset" 306
"../../../../../GitHub/GameJamKIT/Content/Sounds/BUGS/Bug_Crunch_AM.uasset" 307
"../../../../../GitHub/GameJamKIT/Content/Sounds/BUGS/Bug_Crunch_AM_Cue.uasset" 308
"../../../../../GitHub/GameJamKIT/Content/Sounds/HEDGEHOGS/Protect_AM.uasset" 309
"../../../../../GitHub/GameJamKIT/Content/Sounds/HEDGEHOGS/Protect_AM_Cue.uasset" 310
"../../../../../GitHub/GameJamKIT/Content/Sounds/HEDGEHOGS/Shield_AM.uasset" 311
"../../../../../GitHub/GameJamKIT/Content/Sounds/HEDGEHOGS/Shield_AM_Cue.uasset" 312
"../../../../../GitHub/GameJamKIT/Content/BluePrint/Bp_MotherHedgeHog.uasset" 313
"../../../../../GitHub/GameJamKIT/Content/Materials/MI_HedgeHogShied_Inst_2.uasset" 314
"../../../../../GitHub/GameJamKIT/Content/Sounds/HEDGEHOGS/Happy_AM.uasset" 315
"../../../../../GitHub/GameJamKIT/Content/Sounds/HEDGEHOGS/Happy_AM_Cue.uasset" 316
"../../../../../GitHub/GameJamKIT/Content/Sounds/HEDGEHOGS/Death_A.uasset" 317
"../../../../../GitHub/GameJamKIT/Content/Sounds/HEDGEHOGS/SC_HedgeHog_Death.uasset" 318
"../../../../../GitHub/GameJamKIT/Content/BluePrint/Bp_SmallHedgeHog.uasset" 319
"../../../../../GitHub/GameJamKIT/Content/BluePrint/BPHerissonSpawnner.uasset" 320
"../../../../../GitHub/GameJamKIT/Content/Materials/MI_Cars_White.uasset" 321
"../../../../../GitHub/GameJamKIT/Content/Textures/Cars/T__AssetsAmbulance_bc.uasset" 322
"../../../../../GitHub/GameJamKIT/Content/Materials/MASTERS/M_Decals.uasset" 323
"../../../../../GitHub/GameJamKIT/Content/Materials/MI_DecalsInstance.uasset" 324
"../../../../../GitHub/GameJamKIT/Content/Meshs/Car/SM_Van_01_decals.uasset" 325
"../../../../../GitHub/GameJamKIT/Content/Meshs/Car/SM_Van_01_van.uasset" 326
"../../../../../GitHub/GameJamKIT/Content/BluePrint/Cars/BP_Ambulance.uasset" 327
"../../../../../GitHub/GameJamKIT/Content/BluePrint/Cars/BP_Car1.uasset" 328
"../../../../../GitHub/GameJamKIT/Content/Meshs/Car/SM_Car_02.uasset" 329
"../../../../../GitHub/GameJamKIT/Content/BluePrint/Cars/BP_Car2.uasset" 330
"../../../../../GitHub/GameJamKIT/Content/Meshs/Car/SM_Car_03.uasset" 331
"../../../../../GitHub/GameJamKIT/Content/BluePrint/Cars/BP_Car3.uasset" 332
"../../../../../GitHub/GameJamKIT/Content/Meshs/Car/SM_Truck_01.uasset" 333
"../../../../../GitHub/GameJamKIT/Content/BluePrint/Cars/BP_Truck.uasset" 334
"../../../../../GitHub/GameJamKIT/Content/Materials/MI_Cars_2.uasset" 335
"../../../../../GitHub/GameJamKIT/Content/BluePrint/Cars/BP_Van.uasset" 336
"../../../../../GitHub/GameJamKIT/Content/BluePrint/Gamemode/Gm_Bp_hedgehog.uasset" 337
"../../../../../GitHub/GameJamKIT/Content/Levels/GamePlay_SubLevel_BuiltData.uasset" 338
"../../../Engine/Content/MapTemplates/SM_Template_Map_Floor.uasset" 339
"../../../../../GitHub/GameJamKIT/Content/Levels/GamePlay_SubLevel.umap" 340
"../../../../../GitHub/GameJamKIT/Content/BluePrint/BP_BlockPlayer.uasset" 341
"../../../../../GitHub/GameJamKIT/Content/BluePrint/Widget/WBP_GameOver.uasset" 342
"../../../../../GitHub/GameJamKIT/Content/Sounds/Victory_AM.uasset" 343
"../../../../../GitHub/GameJamKIT/Content/BluePrint/BP_EndLEvel.uasset" 344
"../../../../../GitHub/GameJamKIT/Content/BluePrint/BP_PickupSpawner.uasset" 345
"../../../../../GitHub/GameJamKIT/Content/Materials/MASTERS/MI_BlueCollectibles.uasset" 346
"../../../../../GitHub/GameJamKIT/Content/Meshs/Insects/SM_Insects_coleoptere.uasset" 347
"../../../../../GitHub/GameJamKIT/Content/Particles/InsectBonus2.uasset" 348
"../../../../../GitHub/GameJamKIT/Content/BluePrint/Collectibles/BP_coleoptere.uasset" 349
"../../../../../GitHub/GameJamKIT/Content/Levels/HedgeHog_Map1_BuiltData.uasset" 350
"../../../Engine/Content/BasicShapes/Cube.uasset" 351
"../../../../../GitHub/GameJamKIT/Content/BluePrint/Widget/WBP_InGameHUD.uasset" 352
"../../../../../GitHub/GameJamKIT/Content/Textures/Environment/T_Shelter_ORENy.uasset" 353
"../../../../../GitHub/GameJamKIT/Content/Textures/Environment/T_Shelter_RGBNx.uasset" 354
"../../../../../GitHub/GameJamKIT/Content/Materials/MI_Shelter.uasset" 355
"../../../../../GitHub/GameJamKIT/Content/Meshs/Environment/vegetations/SM_Shelter.uasset" 356
"../../../../../GitHub/GameJamKIT/Content/Sounds/BG_LoopWave_C.uasset" 357
"../../../../../GitHub/GameJamKIT/Content/Sounds/BG_LoopWave_C_Cue.uasset" 358
"../../../../../GitHub/GameJamKIT/Content/Levels/HedgeHog_Map1.umap" 359
"../../../../../GitHub/GameJamKIT/Content/BluePrint/BP_CameraMenu.uasset" 360
"../../../../../GitHub/GameJamKIT/Content/BluePrint/Gamemode/GM_MainMenu.uasset" 361
"../../../../../GitHub/GameJamKIT/Content/Levels/MainMenu_BuiltData.uasset" 362
"../../../../../GitHub/GameJamKIT/Content/Materials/MI_CellShadingMainMenu.uasset" 363
"../../../../../GitHub/GameJamKIT/Content/Materials/MI_ToonMainMenu.uasset" 364
"../../../Engine/Content/EngineMaterials/DefaultPhysicalMaterial.uasset" 365
"../../../../../GitHub/GameJamKIT/Content/Textures/UI/T_TitleHurrySons.uasset" 366
"../../../../../GitHub/GameJamKIT/Content/BluePrint/Widget/WBP_MainMenu.uasset" 367
"../../../../../GitHub/GameJamKIT/Content/Levels/MainMenu.umap" 368
"../../../../../GitHub/GameJamKIT/Content/Levels/Material_Sublevel_BuiltData.uasset" 369
"../../../../../GitHub/GameJamKIT/Content/Levels/Material_Sublevel.umap" 370
"../../../Engine/Content/Maps/Entry_BuiltData.uasset" 371
"../../../Engine/Content/Maps/Entry.umap" 372
